<?xml version="1.0" encoding="UTF-8"?>
<!-- Generated by org.testng.reporters.JUnitReportReporter -->
<testsuite hostname="DESKTOP-U0ESANG" failures="0" tests="3" name="cucumber.Options.TestRunner" time="1.972" errors="0" timestamp="2024-03-03T15:13:09 MYT" skipped="0">
  <testcase classname="cucumber.Options.TestRunner" name="runScenario" time="1.401"/>
  <testcase classname="cucumber.Options.TestRunner" name="runScenario" time="0.367"/>
  <testcase classname="cucumber.Options.TestRunner" name="runScenario" time="0.204"/>
</testsuite> <!-- cucumber.Options.TestRunner -->
