<?xml version="1.0" encoding="UTF-8"?>
<!-- Generated by org.testng.reporters.JUnitReportReporter -->
<testsuite hostname="DESKTOP-U0ESANG" failures="0" tests="3" name="com.jsonP.testAPI.TypiCodeTest" time="3.571" errors="0" timestamp="2024-03-07T15:35:35 MYT" skipped="0">
  <testcase classname="com.jsonP.testAPI.TypiCodeTest" name="testGETCommentsWithId3" time="2.525"/>
  <testcase classname="com.jsonP.testAPI.TypiCodeTest" name="testGETUsersWithId6" time="0.167"/>
  <testcase classname="com.jsonP.testAPI.TypiCodeTest" name="testPostCommentsWithJsonBody" time="0.879"/>
</testsuite> <!-- com.jsonP.testAPI.TypiCodeTest -->
