<?xml version="1.0" encoding="UTF-8"?>
<!-- Generated by org.testng.reporters.JUnitReportReporter -->
<testsuite hostname="DESKTOP-U0ESANG" failures="0" tests="3" name="com.twoctwop.testAPI.TypiCodeTest" time="6.461" errors="0" timestamp="2024-03-03T12:53:48 MYT" skipped="0">
  <testcase classname="com.twoctwop.testAPI.TypiCodeTest" name="testPostCommentsWithJsonBody" time="1.134"/>
  <testcase classname="com.twoctwop.testAPI.TypiCodeTest" name="testGETCommentsWithId3" time="5.036"/>
  <testcase classname="com.twoctwop.testAPI.TypiCodeTest" name="testGETUsersWithId6" time="0.291"/>
</testsuite> <!-- com.twoctwop.testAPI.TypiCodeTest -->
