<?xml version="1.0" encoding="UTF-8"?>
<!-- Generated by org.testng.reporters.JUnitReportReporter -->
<testsuite hostname="DESKTOP-U0ESANG" failures="0" tests="3" name="com.twoctwop.testAPI.TypiCodeTest" time="3.435" errors="0" timestamp="2024-03-03T15:13:09 MYT" skipped="0">
  <testcase classname="com.twoctwop.testAPI.TypiCodeTest" name="testGETUsersWithId6" time="0.228"/>
  <testcase classname="com.twoctwop.testAPI.TypiCodeTest" name="testPostCommentsWithJsonBody" time="0.917"/>
  <testcase classname="com.twoctwop.testAPI.TypiCodeTest" name="testGETCommentsWithId3" time="2.290"/>
</testsuite> <!-- com.twoctwop.testAPI.TypiCodeTest -->
